Diagnose log at 2026-01-05T14:37:20Z

AppPath: C:\Program Files\Git\mingw64\bin\git-credential-manager.exe
InstallDir: C:\Program Files\Git\mingw64\bin\
Version: 2.3.2

------------
Diagnostic: Environment
Skipped: False
Success: True
Exception: None
Log:
OSType: Windows
OSVersion: 10.0 (build 22631)
Reading environment variables... OK
 Variables:
HOMEPATH=\Users\PC24
DriverData=C:\Windows\System32\Drivers\DriverData
COMPUTERNAME=PC-18
GIT_TRACE2_PARENT_SID=09855cfb-30da-4089-a594-301246286f5e
CommonProgramFiles(x86)=C:\Program Files (x86)\Common Files
OneDrive=C:\Users\PC24\OneDrive
ChocolateyLastPathUpdate=133416497943559935
SESSIONNAME=Console
LANG=en_US.UTF-8
TMP=C:\Users\PC24\AppData\Local\Temp
PROCESSOR_REVISION=5000
PATHEXT=.COM;.EXE;.BAT;.CMD;.VBS;.VBE;.JS;.JSE;.WSF;.WSH;.MSC;.PY;.PYW;.CPL
GIT_EXEC_PATH=C:/Program Files/Git/mingw64/libexec/git-core
TEMP=C:\Users\PC24\AppData\Local\Temp
LOCALAPPDATA=C:\Users\PC24\AppData\Local
MSYSTEM=MINGW64
EFC_7612=1
TERM=xterm-256color
PROCESSOR_IDENTIFIER=AMD64 Family 25 Model 80 Stepping 0, AuthenticAMD
VSCODE_PYTHON_AUTOACTIVATE_GUARD=1
ProgramW6432=C:\Program Files
windir=C:\WINDOWS
USERDOMAIN=PC-18
ProgramFiles(x86)=C:\Program Files (x86)
Path=C:/Program Files/Git/mingw64/libexec/git-core;C:\Program Files\Git\mingw64\bin;C:\Program Files\Git\usr\bin;C:\Users\PC24\bin;C:\Program Files (x86)\Common Files\Oracle\Java\javapath;C:\Python312\Scripts\;C:\Python312\;C:\WINDOWS\system32;C:\WINDOWS;C:\WINDOWS\System32\Wbem;C:\WINDOWS\System32\WindowsPowerShell\v1.0\;C:\WINDOWS\System32\OpenSSH\;C:\xampp\php;C:\ProgramData\ComposerSetup\bin;C:\Program Files\Git\cmd;C:\ProgramData\chocolatey\bin;C:\Program Files\Java\jdk1.8.0_301\bin;C:\Program Files\dotnet\;C:\Program Files\PuTTY\;C:\Program Files\nodejs\;C:\Program Files\Java\jdk1.8.0_301\bin;C:\Users\PC24\AppData\Local\Programs\Microsoft VS Code\bin;C:\Users\PC24\AppData\Roaming\Composer\vendor\bin;C:\Users\PC24\.dotnet\tools;C:\Users\PC24\AppData\Roaming\npm
TERM_PROGRAM=vscode
PROCESSOR_LEVEL=25
NUMBER_OF_PROCESSORS=12
TMPDIR=C:\Users\PC24\AppData\Local\Temp
TERM_PROGRAM_VERSION=1.107.1
PSModulePath=C:\Users\PC24\Documents\WindowsPowerShell\Modules;C:\Program Files\WindowsPowerShell\Modules;C:\WINDOWS\system32\WindowsPowerShell\v1.0\Modules
PUBLIC=C:\Users\Public
FPS_BROWSER_USER_PROFILE_STRING=Default
CommonProgramFiles=C:\Program Files (x86)\Common Files
VSCODE_INJECTION=1
CHROME_CRASHPAD_PIPE_NAME=\\.\pipe\crashpad_14844_PHLYMJSPMXOAYASK
ProgramFiles=C:\Program Files (x86)
ProgramData=C:\ProgramData
MSYS=disable_pcon
ChocolateyInstall=C:\ProgramData\chocolatey
PLINK_PROTOCOL=ssh
SystemRoot=C:\WINDOWS
HOME=C:\Users\PC24
CommonProgramW6432=C:\Program Files\Common Files
LOGONSERVER=\\PC-18
USERPROFILE=C:\Users\PC24
COLORTERM=truecolor
USERDOMAIN_ROAMINGPROFILE=PC-18
APPDATA=C:\Users\PC24\AppData\Roaming
HOMEDRIVE=C:
VBOX_MSI_INSTALL_PATH=C:\Program Files\Oracle\VirtualBox\
USERNAME=PC24
PROCESSOR_ARCHITEW6432=AMD64
FPS_BROWSER_APP_PROFILE_STRING=Internet Explorer
PROCESSOR_ARCHITECTURE=x86
OS=Windows_NT
ComSpec=C:\WINDOWS\system32\cmd.exe
SystemDrive=C:
PT8HOME=C:\Program Files (x86)\Cisco Packet Tracer 8.2.1
OneDriveConsumer=C:\Users\PC24\OneDrive
ALLUSERSPROFILE=C:\ProgramData


------------
Diagnostic: File system
Skipped: False
Success: True
Exception: None
Log:
Temporary directory is 'C:\Users\PC24\AppData\Local\Temp\'...
Checking basic file I/O...
Writing to temporary file 'C:\Users\PC24\AppData\Local\Temp\62b24f5da048d5031c15215b'... OK
Reading from temporary file 'C:\Users\PC24\AppData\Local\Temp\62b24f5da048d5031c15215b'... OK
Deleting temporary file 'C:\Users\PC24\AppData\Local\Temp\62b24f5da048d5031c15215b'... OK
Testing IFileSystem instance...
UserHomePath: C:\Users\PC24
UserDataDirectoryPath: C:\Users\PC24\.gcm
GetCurrentDirectory(): C:\Users\PC24\Pictures\Sayyid\SaaS\Relasi\Grand Final\relasi-laptop

------------
Diagnostic: Networking
Skipped: False
Success: True
Exception: None
Log:
Checking networking and HTTP stack...
Creating HTTP client... OK
IsNetworkAvailable: True
Sending HEAD request to http://example.com...Sending HEAD request to https://example.com... OK
 OK
Acquiring free TCP port... OK
Testing local HTTP loopback connections...
Creating new HTTP listener for http://localhost:62064/... OK
Waiting for loopback connection... OK
Writing response... OK
Waiting for response data... OK
Loopback connection data OK

------------
Diagnostic: Git
Skipped: False
Success: True
Exception: None
Log:
Getting Git version... OK
Git version is '2.42.0.windows.2'
Locating current repository... OK
Git repository at 'C:/Users/PC24/.git'
Listing all Git configuration... OK
Git configuration:
file:C:/Program Files/Git/etc/gitconfig	diff.astextplain.textconv=astextplain
file:C:/Program Files/Git/etc/gitconfig	filter.lfs.clean=git-lfs clean -- %f
file:C:/Program Files/Git/etc/gitconfig	filter.lfs.smudge=git-lfs smudge -- %f
file:C:/Program Files/Git/etc/gitconfig	filter.lfs.process=git-lfs filter-process
file:C:/Program Files/Git/etc/gitconfig	filter.lfs.required=true
file:C:/Program Files/Git/etc/gitconfig	http.sslbackend=openssl
file:C:/Program Files/Git/etc/gitconfig	http.sslcainfo=C:/Program Files/Git/mingw64/etc/ssl/certs/ca-bundle.crt
file:C:/Program Files/Git/etc/gitconfig	core.autocrlf=true
file:C:/Program Files/Git/etc/gitconfig	core.fscache=true
file:C:/Program Files/Git/etc/gitconfig	core.symlinks=false
file:C:/Program Files/Git/etc/gitconfig	pull.rebase=false
file:C:/Program Files/Git/etc/gitconfig	credential.helper=manager
file:C:/Program Files/Git/etc/gitconfig	credential.https://dev.azure.com.usehttppath=true
file:C:/Program Files/Git/etc/gitconfig	init.defaultbranch=master
file:C:/Users/PC24/.gitconfig	user.email=muhammad.sayyid751@smk.belajar.id
file:C:/Users/PC24/.gitconfig	user.name=SayHub-GIT
file:C:/Users/PC24/.gitconfig	credential.helperselector.selected=cache
file:.git/config	core.repositoryformatversion=0
file:.git/config	core.filemode=false
file:.git/config	core.bare=false
file:.git/config	core.logallrefupdates=true
file:.git/config	core.symlinks=false
file:.git/config	core.ignorecase=true


------------
Diagnostic: Credential storage
Skipped: False
Success: True
Exception: None
Log:
ICredentialStore instance is of type: CredentialStore
Writing test credential... OK
Reading test credential... OK
Deleting test credential... OK

------------
Diagnostic: Microsoft authentication (AAD/MSA)
Skipped: False
Success: True
Exception: None
Log:
Broker is not enabled.
Flow type is: Auto
Gathering MSAL token cache data... OK
CacheDirectory: C:\Users\PC24\AppData\Local\.IdentityService
CacheFileName: msal.cache
CacheFilePath: C:\Users\PC24\AppData\Local\.IdentityService\msal.cache
Creating cache helper... OK
Verifying MSAL token cache persistence... OK

------------
Diagnostic: GitHub API
Skipped: False
Success: True
Exception: None
Log:
Using 'https://github.com/' as API target.
Querying '/meta' endpoint... OK

